[debug] [2024-05-23T01:49:29.528Z] ----------------------------------------------------------------------
[debug] [2024-05-23T01:49:29.530Z] Command:       C:\Program Files\nodejs\node.exe C:\Users\Sp\AppData\Roaming\npm\node_modules\firebase-tools\lib\bin\firebase.js init
[debug] [2024-05-23T01:49:29.530Z] CLI Version:   13.10.0
[debug] [2024-05-23T01:49:29.530Z] Platform:      win32
[debug] [2024-05-23T01:49:29.530Z] Node Version:  v18.14.0
[debug] [2024-05-23T01:49:29.531Z] Time:          Thu May 23 2024 04:49:29 GMT+0300 (Москва, стандартное время)
[debug] [2024-05-23T01:49:29.531Z] ----------------------------------------------------------------------
[debug] 
[debug] [2024-05-23T01:49:29.537Z] > command requires scopes: ["email","openid","https://www.googleapis.com/auth/cloudplatformprojects.readonly","https://www.googleapis.com/auth/firebase","https://www.googleapis.com/auth/cloud-platform"]
[debug] [2024-05-23T01:49:29.537Z] > authorizing via signed-in user (vaso1911.86@gmail.com)
[info] 
     ######## #### ########  ######## ########     ###     ######  ########
     ##        ##  ##     ## ##       ##     ##  ##   ##  ##       ##
     ######    ##  ########  ######   ########  #########  ######  ######
     ##        ##  ##    ##  ##       ##     ## ##     ##       ## ##
     ##       #### ##     ## ######## ########  ##     ##  ######  ########

You're about to initialize a Firebase project in this directory:

  C:\Users\Sp\Desktop\Work-work\firestore-books

[info] 
=== Project Setup
[info] 
[info] First, let's associate this project directory with a Firebase project.
[info] You can create multiple project aliases by running firebase use --add, 
[info] but for now we'll just set up a default project.
[info] 
[debug] [2024-05-23T01:49:56.593Z] >>> [apiv2][query] GET https://firebase.googleapis.com/v1beta1/projects pageSize=100
[debug] [2024-05-23T01:49:58.186Z] <<< [apiv2][status] GET https://firebase.googleapis.com/v1beta1/projects 200
[debug] [2024-05-23T01:49:58.186Z] <<< [apiv2][body] GET https://firebase.googleapis.com/v1beta1/projects [omitted]
[info] i  Using project books-test-32101 (books-test) 
[info] 
=== Firestore Setup
[debug] [2024-05-23T01:50:00.673Z] >>> [apiv2][query] GET https://serviceusage.googleapis.com/v1/projects/books-test-32101/services/firestore.googleapis.com [none]
[debug] [2024-05-23T01:50:00.673Z] >>> [apiv2][(partial)header] GET https://serviceusage.googleapis.com/v1/projects/books-test-32101/services/firestore.googleapis.com x-goog-quota-user=projects/books-test-32101
[debug] [2024-05-23T01:50:01.797Z] <<< [apiv2][status] GET https://serviceusage.googleapis.com/v1/projects/books-test-32101/services/firestore.googleapis.com 200
[debug] [2024-05-23T01:50:01.797Z] <<< [apiv2][body] GET https://serviceusage.googleapis.com/v1/projects/books-test-32101/services/firestore.googleapis.com [omitted]
[debug] [2024-05-23T01:50:01.797Z] >>> [apiv2][query] GET https://firestore.googleapis.com/v1/projects/books-test-32101/databases/(default) [none]
[debug] [2024-05-23T01:50:02.927Z] <<< [apiv2][status] GET https://firestore.googleapis.com/v1/projects/books-test-32101/databases/(default) 200
[debug] [2024-05-23T01:50:02.928Z] <<< [apiv2][body] GET https://firestore.googleapis.com/v1/projects/books-test-32101/databases/(default) {"name":"projects/books-test-32101/databases/(default)","uid":"2c7c578a-0d04-4e74-9f61-e5a22a6f1678","createTime":"2024-05-23T01:46:10.301724Z","updateTime":"2024-05-23T01:46:10.301724Z","locationId":"nam5","type":"FIRESTORE_NATIVE","concurrencyMode":"PESSIMISTIC","versionRetentionPeriod":"3600s","earliestVersionTime":"2024-05-23T01:46:10.301724Z","appEngineIntegrationMode":"DISABLED","keyPrefix":"s","pointInTimeRecoveryEnablement":"POINT_IN_TIME_RECOVERY_DISABLED","deleteProtectionState":"DELETE_PROTECTION_DISABLED","etag":"IJe0iKjUooYDMPS67Y3UooYD"}
[debug] [2024-05-23T01:50:02.928Z] database_type: FIRESTORE_NATIVE
[debug] [2024-05-23T01:50:02.928Z] > command requires scopes: ["email","openid","https://www.googleapis.com/auth/cloudplatformprojects.readonly","https://www.googleapis.com/auth/firebase","https://www.googleapis.com/auth/cloud-platform"]
[debug] [2024-05-23T01:50:02.928Z] > authorizing via signed-in user (vaso1911.86@gmail.com)
[debug] [2024-05-23T01:50:02.928Z] [iam] checking project books-test-32101 for permissions ["firebase.projects.get"]
[debug] [2024-05-23T01:50:02.928Z] >>> [apiv2][query] POST https://cloudresourcemanager.googleapis.com/v1/projects/books-test-32101:testIamPermissions [none]
[debug] [2024-05-23T01:50:02.928Z] >>> [apiv2][(partial)header] POST https://cloudresourcemanager.googleapis.com/v1/projects/books-test-32101:testIamPermissions x-goog-quota-user=projects/books-test-32101
[debug] [2024-05-23T01:50:02.928Z] >>> [apiv2][body] POST https://cloudresourcemanager.googleapis.com/v1/projects/books-test-32101:testIamPermissions {"permissions":["firebase.projects.get"]}
[debug] [2024-05-23T01:50:03.378Z] <<< [apiv2][status] POST https://cloudresourcemanager.googleapis.com/v1/projects/books-test-32101:testIamPermissions 200
[debug] [2024-05-23T01:50:03.378Z] <<< [apiv2][body] POST https://cloudresourcemanager.googleapis.com/v1/projects/books-test-32101:testIamPermissions {"permissions":["firebase.projects.get"]}
[info] 
[info] Firestore Security Rules allow you to define how and when to allow
[info] requests. You can keep these rules in your project directory
[info] and publish them with firebase deploy.
[info] 
[debug] [2024-05-23T01:50:11.809Z] >>> [apiv2][query] GET https://firebaserules.googleapis.com/v1/projects/books-test-32101/releases pageSize=10&pageToken=
[debug] [2024-05-23T01:50:12.872Z] <<< [apiv2][status] GET https://firebaserules.googleapis.com/v1/projects/books-test-32101/releases 200
[debug] [2024-05-23T01:50:12.872Z] <<< [apiv2][body] GET https://firebaserules.googleapis.com/v1/projects/books-test-32101/releases {"releases":[{"name":"projects/books-test-32101/releases/cloud.firestore","rulesetName":"projects/books-test-32101/rulesets/45398c7e-3ca7-4b0e-a637-dd8c98e5a5cc","createTime":"2024-05-23T01:46:17.706890Z","updateTime":"2024-05-23T01:46:17.706890Z"}]}
[debug] [2024-05-23T01:50:12.872Z] Found ruleset: projects/books-test-32101/rulesets/45398c7e-3ca7-4b0e-a637-dd8c98e5a5cc
[debug] [2024-05-23T01:50:12.872Z] >>> [apiv2][query] GET https://firebaserules.googleapis.com/v1/projects/books-test-32101/rulesets/45398c7e-3ca7-4b0e-a637-dd8c98e5a5cc [none]
[debug] [2024-05-23T01:50:13.853Z] <<< [apiv2][status] GET https://firebaserules.googleapis.com/v1/projects/books-test-32101/rulesets/45398c7e-3ca7-4b0e-a637-dd8c98e5a5cc 200
[debug] [2024-05-23T01:50:13.853Z] <<< [apiv2][body] GET https://firebaserules.googleapis.com/v1/projects/books-test-32101/rulesets/45398c7e-3ca7-4b0e-a637-dd8c98e5a5cc [omitted]
[info] 
[info] Firestore indexes allow you to perform complex queries while
[info] maintaining performance that scales with the size of the result
[info] set. You can keep index definitions in your project directory
[info] and publish them with firebase deploy.
[info] 
[debug] [2024-05-23T01:50:24.648Z] >>> [apiv2][query] GET https://firestore.googleapis.com/v1/projects/books-test-32101/databases/(default)/collectionGroups/-/indexes [none]
[debug] [2024-05-23T01:50:24.649Z] >>> [apiv2][query] GET https://firestore.googleapis.com/v1/projects/books-test-32101/databases/(default)/collectionGroups/-/fields?filter=indexConfig.usesAncestorConfig=false OR ttlConfig:* [none]
[debug] [2024-05-23T01:50:25.636Z] <<< [apiv2][status] GET https://firestore.googleapis.com/v1/projects/books-test-32101/databases/(default)/collectionGroups/-/indexes 200
[debug] [2024-05-23T01:50:25.636Z] <<< [apiv2][body] GET https://firestore.googleapis.com/v1/projects/books-test-32101/databases/(default)/collectionGroups/-/indexes {}
[debug] [2024-05-23T01:50:25.640Z] <<< [apiv2][status] GET https://firestore.googleapis.com/v1/projects/books-test-32101/databases/(default)/collectionGroups/-/fields?filter=indexConfig.usesAncestorConfig=false OR ttlConfig:* 200
[debug] [2024-05-23T01:50:25.640Z] <<< [apiv2][body] GET https://firestore.googleapis.com/v1/projects/books-test-32101/databases/(default)/collectionGroups/-/fields?filter=indexConfig.usesAncestorConfig=false OR ttlConfig:* {"fields":[{"name":"projects/books-test-32101/databases/(default)/collectionGroups/__default__/fields/*","indexConfig":{"indexes":[{"queryScope":"COLLECTION","fields":[{"fieldPath":"*","order":"ASCENDING"}],"state":"READY"},{"queryScope":"COLLECTION","fields":[{"fieldPath":"*","order":"DESCENDING"}],"state":"READY"},{"queryScope":"COLLECTION","fields":[{"fieldPath":"*","arrayConfig":"CONTAINS"}],"state":"READY"}]}}]}
[info] 
=== Hosting Setup
[debug] [2024-05-23T01:50:25.643Z] >>> [apiv2][query] GET https://firebase.googleapis.com/v1beta1/projects/books-test-32101 [none]
[debug] [2024-05-23T01:50:26.094Z] <<< [apiv2][status] GET https://firebase.googleapis.com/v1beta1/projects/books-test-32101 200
[debug] [2024-05-23T01:50:26.094Z] <<< [apiv2][body] GET https://firebase.googleapis.com/v1beta1/projects/books-test-32101 {"projectId":"books-test-32101","projectNumber":"500519882098","displayName":"books-test","name":"projects/books-test-32101","resources":{"hostingSite":"books-test-32101"},"state":"ACTIVE","etag":"1_058b9a54-b30b-49d5-9f85-a955023a7a84"}
[info] 
[info] Your public directory is the folder (relative to your project directory) that
[info] will contain Hosting assets to be uploaded with firebase deploy. If you
[info] have a build process for your assets, use your build's output directory.
[info] 
